<?xml version="1.0" encoding="UTF-8"?>
<!-- Generated by org.testng.reporters.JUnitXMLReporter -->
<testsuite ignored="0" hostname="DESKTOP-GRF47FU" failures="1" tests="2" name="Test" time="252.986" errors="0" timestamp="2021-11-23T19:31:38 IST">
  <testcase classname="AdminScript.AmazonDashboardTest" name="DashboardTest" time="25.682">
    <failure type="java.lang.AssertionError" message="expected [true] but found [false]">
      <![CDATA[java.lang.AssertionError: expected [true] but found [false]
at AdminScript.AmazonDashboardTest.DashboardTest(AmazonDashboardTest.java:34)
at java.base/java.util.ArrayList.forEach(ArrayList.java:1511)
... Removed 31 stack frames]]>
    </failure>
  </testcase> <!-- DashboardTest -->
  <testcase classname="AdminScript.AddCarttest" name="AddCartTest" time="79.451"/>
</testsuite> <!-- Test -->
